
Showing logs for build [32mcb-kubecd-environment-pr-208-41-mb2sq-1[0m stage [32mfrom-build-pack[0m and container [32mstep-credential-initializer-crzbl[0m
{"level":"info","ts":1587691034.8699427,"logger":"fallback-logger","caller":"logging/config.go:69","msg":"Fetch GitHub commit ID from kodata failed: open /var/run/ko/refs/heads/0.8.0-ns-support: no such file or directory"}
{"level":"info","ts":1587691034.8706884,"logger":"fallback-logger","caller":"creds-init/main.go:40","msg":"Credentials initialized."}

Showing logs for build [32mcb-kubecd-environment-pr-208-41-mb2sq-1[0m stage [32mfrom-build-pack[0m and container [32mstep-working-dir-initializer-56wgs[0m
{"level":"info","ts":1587691035.8537138,"logger":"fallback-logger","caller":"logging/config.go:69","msg":"Fetch GitHub commit ID from kodata failed: open /var/run/ko/HEAD: no such file or directory"}
{"level":"info","ts":1587691035.8558366,"logger":"fallback-logger","caller":"bash/main.go:64","msg":"Successfully executed command \"sh -c mkdir -p /workspace/source\"; output "}

Showing logs for build [32mcb-kubecd-environment-pr-208-41-mb2sq-1[0m stage [32mfrom-build-pack[0m and container [32mstep-place-tools[0m

Showing logs for build [32mcb-kubecd-environment-pr-208-41-mb2sq-1[0m stage [32mfrom-build-pack[0m and container [32mstep-git-source-cb-kubecd-environment-pr-208-41-mb2sq-76bvt[0m
{"level":"info","ts":1587691040.0074565,"logger":"fallback-logger","caller":"logging/config.go:69","msg":"Fetch GitHub commit ID from kodata failed: open /var/run/ko/refs/heads/0.8.0-ns-support: no such file or directory"}
{"level":"info","ts":1587691041.0585551,"logger":"fallback-logger","caller":"git/git.go:103","msg":"Successfully cloned https://github.com/cb-kubecd/environment-pr-208-41-boot-gke-staging.git @ master in path /workspace/source"}

Showing logs for build [32mcb-kubecd-environment-pr-208-41-mb2sq-1[0m stage [32mfrom-build-pack[0m and container [32mstep-git-merge[0m
Using SHAs from PULL_REFS=master:821af0d48047fcf4a398bc51a27428ded4c5387d,4:0b0e104e6a0fdeb213eecda4bb9e00c34dfa0a0c
DEBUG: JX_LOG_LEVEL=error LC_ALL=C git fetch origin --unshallow 0b0e104e6a0fdeb213eecda4bb9e00c34dfa0a0c: 821af0d48047fcf4a398bc51a27428ded4c5387d:
DEBUG: ran git fetch --unshallow origin 0b0e104e6a0fdeb213eecda4bb9e00c34dfa0a0c: 821af0d48047fcf4a398bc51a27428ded4c5387d: in 
DEBUG: LC_ALL=C JX_LOG_LEVEL=error git branch
DEBUG: LC_ALL=C JX_LOG_LEVEL=error git checkout master
DEBUG: ran git checkout master in 
DEBUG: LC_ALL=C JX_LOG_LEVEL=error git reset --hard 821af0d48047fcf4a398bc51a27428ded4c5387d
DEBUG: ran git reset --hard 821af0d48047fcf4a398bc51a27428ded4c5387d in 
DEBUG: LC_ALL=C JX_LOG_LEVEL=error git clean -fd .
DEBUG: ran clean --force -d . in 
DEBUG: LC_ALL=C JX_LOG_LEVEL=error git merge 0b0e104e6a0fdeb213eecda4bb9e00c34dfa0a0c
DEBUG: ran git merge 0b0e104e6a0fdeb213eecda4bb9e00c34dfa0a0c in 
DEBUG: LC_ALL=C JX_LOG_LEVEL=error git log --format=%H%x1f%an%x1f%ae%x1f%cn%x1f%ce%x1f%s%n%b%x1e 821af0d48047fcf4a398bc51a27428ded4c5387d..HEAD
Merged SHA 0b0e104e6a0fdeb213eecda4bb9e00c34dfa0a0c with commit message 'chore: Promote bdd-sbhg-1587689392 to version 0.0.1' into base branch master

Showing logs for build [32mcb-kubecd-environment-pr-208-41-mb2sq-1[0m stage [32mfrom-build-pack[0m and container [32mstep-build-helm-build[0m
WARNING: No $CHART_REPOSITORY defined so using the default value of: http://jenkins-x-chartmuseum:8080
Adding missing Helm repo: storage.googleapis.com https://storage.googleapis.com/chartmuseum.jenkins-x.io
WARNING: No secrets found on "helm/repos" due: reading the secret "helm/repos" from vault: no secret "helm/repos" not found in vault
Read credentials for https://storage.googleapis.com/chartmuseum.jenkins-x.io from vault helm/repos
Successfully added Helm repository storage.googleapis.com.
Adding missing Helm repo: jenkins-x-chartmuseum http://jenkins-x-chartmuseum:8080
WARNING: No secrets found on "helm/repos" due: reading the secret "helm/repos" from vault: no secret "helm/repos" not found in vault
Read credentials for http://jenkins-x-chartmuseum:8080 from vault helm/repos
Successfully added Helm repository jenkins-x-chartmuseum.
WARNING: No $CHART_REPOSITORY defined so using the default value of: http://jenkins-x-chartmuseum:8080
Adding missing Helm repo: chartmuseum.jenkins-x.io http://chartmuseum.jenkins-x.io
WARNING: No secrets found on "helm/repos" due: reading the secret "helm/repos" from vault: no secret "helm/repos" not found in vault
Read credentials for http://chartmuseum.jenkins-x.io from vault helm/repos
Successfully added Helm repository chartmuseum.jenkins-x.io.
