
Showing logs for build [32mcb-kubecd-environment-pr-208-41-bcmxr-1[0m stage [32mfrom-build-pack[0m and container [32mstep-credential-initializer-6q9q4[0m
{"level":"info","ts":1587689678.935079,"logger":"fallback-logger","caller":"logging/config.go:69","msg":"Fetch GitHub commit ID from kodata failed: open /var/run/ko/refs/heads/0.8.0-ns-support: no such file or directory"}
{"level":"info","ts":1587689678.935607,"logger":"fallback-logger","caller":"creds-init/main.go:40","msg":"Credentials initialized."}

Showing logs for build [32mcb-kubecd-environment-pr-208-41-bcmxr-1[0m stage [32mfrom-build-pack[0m and container [32mstep-working-dir-initializer-pt5d6[0m
{"level":"info","ts":1587689680.2225022,"logger":"fallback-logger","caller":"logging/config.go:69","msg":"Fetch GitHub commit ID from kodata failed: open /var/run/ko/HEAD: no such file or directory"}
{"level":"info","ts":1587689680.2356129,"logger":"fallback-logger","caller":"bash/main.go:64","msg":"Successfully executed command \"sh -c mkdir -p /workspace/source\"; output "}

Showing logs for build [32mcb-kubecd-environment-pr-208-41-bcmxr-1[0m stage [32mfrom-build-pack[0m and container [32mstep-place-tools[0m

Showing logs for build [32mcb-kubecd-environment-pr-208-41-bcmxr-1[0m stage [32mfrom-build-pack[0m and container [32mstep-git-source-cb-kubecd-environment-pr-208-41-bcmxr-mrmt5[0m
{"level":"info","ts":1587689697.275334,"logger":"fallback-logger","caller":"logging/config.go:69","msg":"Fetch GitHub commit ID from kodata failed: open /var/run/ko/refs/heads/0.8.0-ns-support: no such file or directory"}
{"level":"info","ts":1587689698.5417674,"logger":"fallback-logger","caller":"git/git.go:103","msg":"Successfully cloned https://github.com/cb-kubecd/environment-pr-208-41-boot-gke-staging.git @ master in path /workspace/source"}

Showing logs for build [32mcb-kubecd-environment-pr-208-41-bcmxr-1[0m stage [32mfrom-build-pack[0m and container [32mstep-git-merge[0m
Using SHAs from PULL_REFS=master:000d532cf09bf7e3beb14e88d69ea4334509aeee,2:987fa7d0bfb2b93d2b934f417fcde6d5eb6bda09
DEBUG: JX_LOG_LEVEL=error LC_ALL=C git fetch origin --unshallow 987fa7d0bfb2b93d2b934f417fcde6d5eb6bda09: 000d532cf09bf7e3beb14e88d69ea4334509aeee:
DEBUG: ran git fetch --unshallow origin 987fa7d0bfb2b93d2b934f417fcde6d5eb6bda09: 000d532cf09bf7e3beb14e88d69ea4334509aeee: in 
DEBUG: LC_ALL=C JX_LOG_LEVEL=error git branch
DEBUG: LC_ALL=C JX_LOG_LEVEL=error git checkout master
DEBUG: ran git checkout master in 
DEBUG: LC_ALL=C JX_LOG_LEVEL=error git reset --hard 000d532cf09bf7e3beb14e88d69ea4334509aeee
DEBUG: ran git reset --hard 000d532cf09bf7e3beb14e88d69ea4334509aeee in 
DEBUG: LC_ALL=C JX_LOG_LEVEL=error git clean -fd .
DEBUG: ran clean --force -d . in 
DEBUG: LC_ALL=C JX_LOG_LEVEL=error git merge 987fa7d0bfb2b93d2b934f417fcde6d5eb6bda09
DEBUG: ran git merge 987fa7d0bfb2b93d2b934f417fcde6d5eb6bda09 in 
DEBUG: LC_ALL=C JX_LOG_LEVEL=error git log --format=%H%x1f%an%x1f%ae%x1f%cn%x1f%ce%x1f%s%n%b%x1e 000d532cf09bf7e3beb14e88d69ea4334509aeee..HEAD
Merged SHA 987fa7d0bfb2b93d2b934f417fcde6d5eb6bda09 with commit message 'chore: Promote bdd-nh-1587689392 to version 0.0.1' into base branch master

Showing logs for build [32mcb-kubecd-environment-pr-208-41-bcmxr-1[0m stage [32mfrom-build-pack[0m and container [32mstep-build-helm-build[0m
WARNING: No $CHART_REPOSITORY defined so using the default value of: http://jenkins-x-chartmuseum:8080
Adding missing Helm repo: storage.googleapis.com https://storage.googleapis.com/chartmuseum.jenkins-x.io
WARNING: No secrets found on "helm/repos" due: reading the secret "helm/repos" from vault: no secret "helm/repos" not found in vault
Read credentials for https://storage.googleapis.com/chartmuseum.jenkins-x.io from vault helm/repos
Successfully added Helm repository storage.googleapis.com.
Adding missing Helm repo: jenkins-x-chartmuseum http://jenkins-x-chartmuseum:8080
WARNING: No secrets found on "helm/repos" due: reading the secret "helm/repos" from vault: no secret "helm/repos" not found in vault
Read credentials for http://jenkins-x-chartmuseum:8080 from vault helm/repos
Successfully added Helm repository jenkins-x-chartmuseum.
WARNING: No $CHART_REPOSITORY defined so using the default value of: http://jenkins-x-chartmuseum:8080
Adding missing Helm repo: chartmuseum.jenkins-x.io http://chartmuseum.jenkins-x.io
WARNING: No secrets found on "helm/repos" due: reading the secret "helm/repos" from vault: no secret "helm/repos" not found in vault
Read credentials for http://chartmuseum.jenkins-x.io from vault helm/repos
Successfully added Helm repository chartmuseum.jenkins-x.io.
