
Showing logs for build [32mcb-kubecd-environment-pr-208-41-v6dch-1[0m stage [32mfrom-build-pack[0m and container [32mstep-credential-initializer-rgkj6[0m
{"level":"info","ts":1587691940.1849473,"logger":"fallback-logger","caller":"logging/config.go:69","msg":"Fetch GitHub commit ID from kodata failed: open /var/run/ko/refs/heads/0.8.0-ns-support: no such file or directory"}
{"level":"info","ts":1587691940.1864796,"logger":"fallback-logger","caller":"creds-init/main.go:40","msg":"Credentials initialized."}

Showing logs for build [32mcb-kubecd-environment-pr-208-41-v6dch-1[0m stage [32mfrom-build-pack[0m and container [32mstep-working-dir-initializer-lv6v7[0m
{"level":"info","ts":1587691941.3736799,"logger":"fallback-logger","caller":"logging/config.go:69","msg":"Fetch GitHub commit ID from kodata failed: open /var/run/ko/HEAD: no such file or directory"}
{"level":"info","ts":1587691941.410342,"logger":"fallback-logger","caller":"bash/main.go:64","msg":"Successfully executed command \"sh -c mkdir -p /workspace/source\"; output "}

Showing logs for build [32mcb-kubecd-environment-pr-208-41-v6dch-1[0m stage [32mfrom-build-pack[0m and container [32mstep-place-tools[0m

Showing logs for build [32mcb-kubecd-environment-pr-208-41-v6dch-1[0m stage [32mfrom-build-pack[0m and container [32mstep-git-source-cb-kubecd-environment-pr-208-41-v6dch-txjqd[0m
{"level":"info","ts":1587691947.2510118,"logger":"fallback-logger","caller":"logging/config.go:69","msg":"Fetch GitHub commit ID from kodata failed: open /var/run/ko/refs/heads/0.8.0-ns-support: no such file or directory"}
{"level":"info","ts":1587691948.3672187,"logger":"fallback-logger","caller":"git/git.go:103","msg":"Successfully cloned https://github.com/cb-kubecd/environment-pr-208-41-boot-gke-staging.git @ master in path /workspace/source"}

Showing logs for build [32mcb-kubecd-environment-pr-208-41-v6dch-1[0m stage [32mfrom-build-pack[0m and container [32mstep-git-merge[0m
Using SHAs from PULL_REFS=master:313bd1ebc40a3a4dd838bad473f75c30f68e387f,5:05ee20fee509f6dbc9d1da1bd5658982fa1e3838
DEBUG: LC_ALL=C JX_LOG_LEVEL=error git fetch origin --unshallow 05ee20fee509f6dbc9d1da1bd5658982fa1e3838: 313bd1ebc40a3a4dd838bad473f75c30f68e387f:
DEBUG: ran git fetch --unshallow origin 05ee20fee509f6dbc9d1da1bd5658982fa1e3838: 313bd1ebc40a3a4dd838bad473f75c30f68e387f: in 
DEBUG: LC_ALL=C JX_LOG_LEVEL=error git branch
DEBUG: LC_ALL=C JX_LOG_LEVEL=error git checkout master
DEBUG: ran git checkout master in 
DEBUG: LC_ALL=C JX_LOG_LEVEL=error git reset --hard 313bd1ebc40a3a4dd838bad473f75c30f68e387f
DEBUG: ran git reset --hard 313bd1ebc40a3a4dd838bad473f75c30f68e387f in 
DEBUG: JX_LOG_LEVEL=error LC_ALL=C git clean -fd .
DEBUG: ran clean --force -d . in 
DEBUG: LC_ALL=C JX_LOG_LEVEL=error git merge 05ee20fee509f6dbc9d1da1bd5658982fa1e3838
DEBUG: ran git merge 05ee20fee509f6dbc9d1da1bd5658982fa1e3838 in 
DEBUG: LC_ALL=C JX_LOG_LEVEL=error git log --format=%H%x1f%an%x1f%ae%x1f%cn%x1f%ce%x1f%s%n%b%x1e 313bd1ebc40a3a4dd838bad473f75c30f68e387f..HEAD
Merged SHA 05ee20fee509f6dbc9d1da1bd5658982fa1e3838 with commit message 'chore: Promote bdd-ghf**y-import-1587691612 to version 0.0.1' into base branch master

Showing logs for build [32mcb-kubecd-environment-pr-208-41-v6dch-1[0m stage [32mfrom-build-pack[0m and container [32mstep-build-helm-build[0m
WARNING: No $CHART_REPOSITORY defined so using the default value of: http://jenkins-x-chartmuseum:8080
Adding missing Helm repo: storage.googleapis.com https://storage.googleapis.com/chartmuseum.jenkins-x.io
WARNING: No secrets found on "helm/repos" due: reading the secret "helm/repos" from vault: no secret "helm/repos" not found in vault
Read credentials for https://storage.googleapis.com/chartmuseum.jenkins-x.io from vault helm/repos
Successfully added Helm repository storage.googleapis.com.
Adding missing Helm repo: jenkins-x-chartmuseum http://jenkins-x-chartmuseum:8080
WARNING: No secrets found on "helm/repos" due: reading the secret "helm/repos" from vault: no secret "helm/repos" not found in vault
Read credentials for http://jenkins-x-chartmuseum:8080 from vault helm/repos
Successfully added Helm repository jenkins-x-chartmuseum.
WARNING: No $CHART_REPOSITORY defined so using the default value of: http://jenkins-x-chartmuseum:8080
Adding missing Helm repo: chartmuseum.jenkins-x.io http://chartmuseum.jenkins-x.io
WARNING: No secrets found on "helm/repos" due: reading the secret "helm/repos" from vault: no secret "helm/repos" not found in vault
Read credentials for http://chartmuseum.jenkins-x.io from vault helm/repos
Successfully added Helm repository chartmuseum.jenkins-x.io.
