
Showing logs for build [32mcb-kubecd-environment-pr-208-41-89fg9-1[0m stage [32mfrom-build-pack[0m and container [32mstep-credential-initializer-8sxv4[0m
{"level":"info","ts":1587692880.8420472,"logger":"fallback-logger","caller":"logging/config.go:69","msg":"Fetch GitHub commit ID from kodata failed: open /var/run/ko/refs/heads/0.8.0-ns-support: no such file or directory"}
{"level":"info","ts":1587692880.87601,"logger":"fallback-logger","caller":"creds-init/main.go:40","msg":"Credentials initialized."}

Showing logs for build [32mcb-kubecd-environment-pr-208-41-89fg9-1[0m stage [32mfrom-build-pack[0m and container [32mstep-working-dir-initializer-2wbtm[0m
{"level":"info","ts":1587692881.747439,"logger":"fallback-logger","caller":"logging/config.go:69","msg":"Fetch GitHub commit ID from kodata failed: open /var/run/ko/HEAD: no such file or directory"}
{"level":"info","ts":1587692881.8004334,"logger":"fallback-logger","caller":"bash/main.go:64","msg":"Successfully executed command \"sh -c mkdir -p /workspace/source\"; output "}

Showing logs for build [32mcb-kubecd-environment-pr-208-41-89fg9-1[0m stage [32mfrom-build-pack[0m and container [32mstep-place-tools[0m

Showing logs for build [32mcb-kubecd-environment-pr-208-41-89fg9-1[0m stage [32mfrom-build-pack[0m and container [32mstep-git-source-cb-kubecd-environment-pr-208-41-89fg9-h6zsp[0m
{"level":"info","ts":1587692888.180766,"logger":"fallback-logger","caller":"logging/config.go:69","msg":"Fetch GitHub commit ID from kodata failed: open /var/run/ko/refs/heads/0.8.0-ns-support: no such file or directory"}
{"level":"info","ts":1587692889.3494215,"logger":"fallback-logger","caller":"git/git.go:103","msg":"Successfully cloned https://github.com/cb-kubecd/environment-pr-208-41-boot-gke-staging.git @ master in path /workspace/source"}

Showing logs for build [32mcb-kubecd-environment-pr-208-41-89fg9-1[0m stage [32mfrom-build-pack[0m and container [32mstep-git-merge[0m
Using SHAs from PULL_REFS=master:fe0e115075fbcbbe3aed19296d01927ce0383e2e,7:10231463abc12d814ec9cda44b4259e41fdb1f90
DEBUG: LC_ALL=C JX_LOG_LEVEL=error git fetch origin --unshallow 10231463abc12d814ec9cda44b4259e41fdb1f90: fe0e115075fbcbbe3aed19296d01927ce0383e2e:
DEBUG: ran git fetch --unshallow origin 10231463abc12d814ec9cda44b4259e41fdb1f90: fe0e115075fbcbbe3aed19296d01927ce0383e2e: in 
DEBUG: LC_ALL=C JX_LOG_LEVEL=error git branch
DEBUG: LC_ALL=C JX_LOG_LEVEL=error git checkout master
DEBUG: ran git checkout master in 
DEBUG: LC_ALL=C JX_LOG_LEVEL=error git reset --hard fe0e115075fbcbbe3aed19296d01927ce0383e2e
DEBUG: ran git reset --hard fe0e115075fbcbbe3aed19296d01927ce0383e2e in 
DEBUG: JX_LOG_LEVEL=error LC_ALL=C git clean -fd .
DEBUG: ran clean --force -d . in 
DEBUG: LC_ALL=C JX_LOG_LEVEL=error git merge 10231463abc12d814ec9cda44b4259e41fdb1f90
DEBUG: ran git merge 10231463abc12d814ec9cda44b4259e41fdb1f90 in 
DEBUG: JX_LOG_LEVEL=error LC_ALL=C git log --format=%H%x1f%an%x1f%ae%x1f%cn%x1f%ce%x1f%s%n%b%x1e fe0e115075fbcbbe3aed19296d01927ce0383e2e..HEAD
Merged SHA 10231463abc12d814ec9cda44b4259e41fdb1f90 with commit message 'chore: Promote bdd-nh-import-1587691612 to version 0.0.1' into base branch master

Showing logs for build [32mcb-kubecd-environment-pr-208-41-89fg9-1[0m stage [32mfrom-build-pack[0m and container [32mstep-build-helm-build[0m
WARNING: No $CHART_REPOSITORY defined so using the default value of: http://jenkins-x-chartmuseum:8080
Adding missing Helm repo: storage.googleapis.com https://storage.googleapis.com/chartmuseum.jenkins-x.io
WARNING: No secrets found on "helm/repos" due: reading the secret "helm/repos" from vault: no secret "helm/repos" not found in vault
Read credentials for https://storage.googleapis.com/chartmuseum.jenkins-x.io from vault helm/repos
Successfully added Helm repository storage.googleapis.com.
Adding missing Helm repo: jenkins-x-chartmuseum http://jenkins-x-chartmuseum:8080
WARNING: No secrets found on "helm/repos" due: reading the secret "helm/repos" from vault: no secret "helm/repos" not found in vault
Read credentials for http://jenkins-x-chartmuseum:8080 from vault helm/repos
Successfully added Helm repository jenkins-x-chartmuseum.
WARNING: No $CHART_REPOSITORY defined so using the default value of: http://jenkins-x-chartmuseum:8080
Adding missing Helm repo: chartmuseum.jenkins-x.io http://chartmuseum.jenkins-x.io
WARNING: No secrets found on "helm/repos" due: reading the secret "helm/repos" from vault: no secret "helm/repos" not found in vault
Read credentials for http://chartmuseum.jenkins-x.io from vault helm/repos
Successfully added Helm repository chartmuseum.jenkins-x.io.
