
Showing logs for build [32mcb-kubecd-environment-pr-208-41-f7cn4-1[0m stage [32mfrom-build-pack[0m and container [32mstep-credential-initializer-r8cqn[0m
{"level":"info","ts":1587692509.8412201,"logger":"fallback-logger","caller":"logging/config.go:69","msg":"Fetch GitHub commit ID from kodata failed: open /var/run/ko/refs/heads/0.8.0-ns-support: no such file or directory"}
{"level":"info","ts":1587692509.8419588,"logger":"fallback-logger","caller":"creds-init/main.go:40","msg":"Credentials initialized."}

Showing logs for build [32mcb-kubecd-environment-pr-208-41-f7cn4-1[0m stage [32mfrom-build-pack[0m and container [32mstep-working-dir-initializer-xv8zj[0m
{"level":"info","ts":1587692511.2566848,"logger":"fallback-logger","caller":"logging/config.go:69","msg":"Fetch GitHub commit ID from kodata failed: open /var/run/ko/HEAD: no such file or directory"}
{"level":"info","ts":1587692511.2594984,"logger":"fallback-logger","caller":"bash/main.go:64","msg":"Successfully executed command \"sh -c mkdir -p /workspace/source\"; output "}

Showing logs for build [32mcb-kubecd-environment-pr-208-41-f7cn4-1[0m stage [32mfrom-build-pack[0m and container [32mstep-place-tools[0m

Showing logs for build [32mcb-kubecd-environment-pr-208-41-f7cn4-1[0m stage [32mfrom-build-pack[0m and container [32mstep-git-source-cb-kubecd-environment-pr-208-41-f7cn4-r8pzx[0m
{"level":"info","ts":1587692515.3390183,"logger":"fallback-logger","caller":"logging/config.go:69","msg":"Fetch GitHub commit ID from kodata failed: open /var/run/ko/refs/heads/0.8.0-ns-support: no such file or directory"}
{"level":"info","ts":1587692516.3871398,"logger":"fallback-logger","caller":"git/git.go:103","msg":"Successfully cloned https://github.com/cb-kubecd/environment-pr-208-41-boot-gke-staging.git @ master in path /workspace/source"}

Showing logs for build [32mcb-kubecd-environment-pr-208-41-f7cn4-1[0m stage [32mfrom-build-pack[0m and container [32mstep-git-merge[0m
Using SHAs from PULL_REFS=master:82e105ea5ceee69b5f661cef176dd96716a57e79,6:c27d6eea66718d8876a303b3ccb63bca9ff75c5f
DEBUG: LC_ALL=C JX_LOG_LEVEL=error git fetch origin --unshallow c27d6eea66718d8876a303b3ccb63bca9ff75c5f: 82e105ea5ceee69b5f661cef176dd96716a57e79:
DEBUG: ran git fetch --unshallow origin c27d6eea66718d8876a303b3ccb63bca9ff75c5f: 82e105ea5ceee69b5f661cef176dd96716a57e79: in 
DEBUG: LC_ALL=C JX_LOG_LEVEL=error git branch
DEBUG: JX_LOG_LEVEL=error LC_ALL=C git checkout master
DEBUG: ran git checkout master in 
DEBUG: LC_ALL=C JX_LOG_LEVEL=error git reset --hard 82e105ea5ceee69b5f661cef176dd96716a57e79
DEBUG: ran git reset --hard 82e105ea5ceee69b5f661cef176dd96716a57e79 in 
DEBUG: LC_ALL=C JX_LOG_LEVEL=error git clean -fd .
DEBUG: ran clean --force -d . in 
DEBUG: LC_ALL=C JX_LOG_LEVEL=error git merge c27d6eea66718d8876a303b3ccb63bca9ff75c5f
DEBUG: ran git merge c27d6eea66718d8876a303b3ccb63bca9ff75c5f in 
DEBUG: LC_ALL=C JX_LOG_LEVEL=error git log --format=%H%x1f%an%x1f%ae%x1f%cn%x1f%ce%x1f%s%n%b%x1e 82e105ea5ceee69b5f661cef176dd96716a57e79..HEAD
Merged SHA c27d6eea66718d8876a303b3ccb63bca9ff75c5f with commit message 'chore: Promote bdd-sbhg-import-1587691612 to version 0.0.1' into base branch master

Showing logs for build [32mcb-kubecd-environment-pr-208-41-f7cn4-1[0m stage [32mfrom-build-pack[0m and container [32mstep-build-helm-build[0m
WARNING: No $CHART_REPOSITORY defined so using the default value of: http://jenkins-x-chartmuseum:8080
Adding missing Helm repo: storage.googleapis.com https://storage.googleapis.com/chartmuseum.jenkins-x.io
WARNING: No secrets found on "helm/repos" due: reading the secret "helm/repos" from vault: no secret "helm/repos" not found in vault
Read credentials for https://storage.googleapis.com/chartmuseum.jenkins-x.io from vault helm/repos
Successfully added Helm repository storage.googleapis.com.
Adding missing Helm repo: jenkins-x-chartmuseum http://jenkins-x-chartmuseum:8080
WARNING: No secrets found on "helm/repos" due: reading the secret "helm/repos" from vault: no secret "helm/repos" not found in vault
Read credentials for http://jenkins-x-chartmuseum:8080 from vault helm/repos
Successfully added Helm repository jenkins-x-chartmuseum.
WARNING: No $CHART_REPOSITORY defined so using the default value of: http://jenkins-x-chartmuseum:8080
Adding missing Helm repo: chartmuseum.jenkins-x.io http://chartmuseum.jenkins-x.io
WARNING: No secrets found on "helm/repos" due: reading the secret "helm/repos" from vault: no secret "helm/repos" not found in vault
Read credentials for http://chartmuseum.jenkins-x.io from vault helm/repos
Successfully added Helm repository chartmuseum.jenkins-x.io.
